<?xml version="1.0" encoding="UTF-8"?>
<testsuite xmlns:xsi="http://www.w3.org/2001/XMLSchema-instance" xsi:noNamespaceSchemaLocation="https://maven.apache.org/surefire/maven-surefire-plugin/xsd/surefire-test-report-3.0.xsd" version="3.0" name="TestSuite" time="84.521" tests="4" errors="0" skipped="0" failures="3">
  <properties>
[...]
</properties>
  <testcase name="loginWithMobileAndOTP" classname="com.customerwebapp.tests.LoginTest" time="32.206">
    <failure message="Error {&#10;  message=&apos;Timeout 30000ms exceeded.&#10;  name=&apos;TimeoutError&#10;  stack=&apos;TimeoutError: Timeout 30000ms exceeded.&#10;    at ProgressController.run (C:\Users\PAVAN~1.PAY\AppData\Local\Temp\playwright-java-17353293988752804009\package\lib\server\progress.js:78:26)&#10;    at Frame.fill (C:\Users\PAVAN~1.PAY\AppData\Local\Temp\playwright-java-17353293988752804009\package\lib\server\frames.js:1046:23)&#10;    at FrameDispatcher.fill (C:\Users\PAVAN~1.PAY\AppData\Local\Temp\playwright-java-17353293988752804009\package\lib\server\dispatchers\frameDispatcher.js:170:30)&#10;    at FrameDispatcher._handleCommand (C:\Users\PAVAN~1.PAY\AppData\Local\Temp\playwright-java-17353293988752804009\package\lib\server\dispatchers\dispatcher.js:94:40)&#10;    at DispatcherConnection.dispatch (C:\Users\PAVAN~1.PAY\AppData\Local\Temp\playwright-java-17353293988752804009\package\lib\server\dispatchers\dispatcher.js:361:39)&#10;}&#10;Call log:&#10;- waiting for locator(&quot;//input[@type=&apos;tel&apos;]&quot;).first()&#10;" type="com.microsoft.playwright.TimeoutError"><![CDATA[com.microsoft.playwright.TimeoutError: 
Error {
  message='Timeout 30000ms exceeded.
  name='TimeoutError
  stack='TimeoutError: Timeout 30000ms exceeded.
    at ProgressController.run (C:\Users\PAVAN~1.PAY\AppData\Local\Temp\playwright-java-17353293988752804009\package\lib\server\progress.js:78:26)
    at Frame.fill (C:\Users\PAVAN~1.PAY\AppData\Local\Temp\playwright-java-17353293988752804009\package\lib\server\frames.js:1046:23)
    at FrameDispatcher.fill (C:\Users\PAVAN~1.PAY\AppData\Local\Temp\playwright-java-17353293988752804009\package\lib\server\dispatchers\frameDispatcher.js:170:30)
    at FrameDispatcher._handleCommand (C:\Users\PAVAN~1.PAY\AppData\Local\Temp\playwright-java-17353293988752804009\package\lib\server\dispatchers\dispatcher.js:94:40)
    at DispatcherConnection.dispatch (C:\Users\PAVAN~1.PAY\AppData\Local\Temp\playwright-java-17353293988752804009\package\lib\server\dispatchers\dispatcher.js:361:39)
}
Call log:
- waiting for locator("//input[@type='tel']").first()

	at com.microsoft.playwright.impl.WaitableResult.get(WaitableResult.java:52)
	at com.microsoft.playwright.impl.ChannelOwner.runUntil(ChannelOwner.java:120)
	at com.microsoft.playwright.impl.Connection.sendMessage(Connection.java:130)
	at com.microsoft.playwright.impl.ChannelOwner.sendMessage(ChannelOwner.java:106)
	at com.microsoft.playwright.impl.FrameImpl.fillImpl(FrameImpl.java:335)
	at com.microsoft.playwright.impl.FrameImpl.lambda$fill$14(FrameImpl.java:325)
	at com.microsoft.playwright.impl.LoggingSupport.lambda$withLogging$0(LoggingSupport.java:36)
	at com.microsoft.playwright.impl.LoggingSupport.withLogging(LoggingSupport.java:47)
	at com.microsoft.playwright.impl.ChannelOwner.withLogging(ChannelOwner.java:89)
	at com.microsoft.playwright.impl.LoggingSupport.withLogging(LoggingSupport.java:35)
	at com.microsoft.playwright.impl.FrameImpl.fill(FrameImpl.java:325)
	at com.microsoft.playwright.impl.LocatorImpl.fill(LocatorImpl.java:235)
	at com.microsoft.playwright.Locator.fill(Locator.java:3046)
	at com.customerwebapp.pages.LoginPage.enterOTP(LoginPage.java:91)
	at com.customerwebapp.tests.LoginTest.loginWithMobileAndOTP(LoginTest.java:15)
	at java.base/jdk.internal.reflect.DirectMethodHandleAccessor.invoke(DirectMethodHandleAccessor.java:103)
	at java.base/java.lang.reflect.Method.invoke(Method.java:580)
	at org.testng.internal.invokers.MethodInvocationHelper.invokeMethod(MethodInvocationHelper.java:139)
	at org.testng.internal.invokers.TestInvoker.invokeMethod(TestInvoker.java:664)
	at org.testng.internal.invokers.TestInvoker.invokeTestMethod(TestInvoker.java:228)
	at org.testng.internal.invokers.MethodRunner.runInSequence(MethodRunner.java:63)
	at org.testng.internal.invokers.TestInvoker$MethodInvocationAgent.invoke(TestInvoker.java:961)
	at org.testng.internal.invokers.TestInvoker.invokeTestMethods(TestInvoker.java:201)
	at org.testng.internal.invokers.TestMethodWorker.invokeTestMethods(TestMethodWorker.java:148)
	at org.testng.internal.invokers.TestMethodWorker.run(TestMethodWorker.java:128)
	at java.base/java.util.ArrayList.forEach(ArrayList.java:1596)
	at org.testng.TestRunner.privateRun(TestRunner.java:819)
	at org.testng.TestRunner.run(TestRunner.java:619)
	at org.testng.SuiteRunner.runTest(SuiteRunner.java:443)
	at org.testng.SuiteRunner.runSequentially(SuiteRunner.java:437)
	at org.testng.SuiteRunner.privateRun(SuiteRunner.java:397)
	at org.testng.SuiteRunner.run(SuiteRunner.java:336)
	at org.testng.SuiteRunnerWorker.runSuite(SuiteRunnerWorker.java:52)
	at org.testng.SuiteRunnerWorker.run(SuiteRunnerWorker.java:95)
	at org.testng.TestNG.runSuitesSequentially(TestNG.java:1301)
	at org.testng.TestNG.runSuitesLocally(TestNG.java:1228)
	at org.testng.TestNG.runSuites(TestNG.java:1134)
	at org.testng.TestNG.run(TestNG.java:1101)
	at org.apache.maven.surefire.testng.TestNGExecutor.run(TestNGExecutor.java:155)
	at org.apache.maven.surefire.testng.TestNGDirectoryTestSuite.executeMulti(TestNGDirectoryTestSuite.java:169)
	at org.apache.maven.surefire.testng.TestNGDirectoryTestSuite.execute(TestNGDirectoryTestSuite.java:88)
	at org.apache.maven.surefire.testng.TestNGProvider.invoke(TestNGProvider.java:137)
	at org.apache.maven.surefire.booter.ForkedBooter.runSuitesInProcess(ForkedBooter.java:385)
	at org.apache.maven.surefire.booter.ForkedBooter.execute(ForkedBooter.java:162)
	at org.apache.maven.surefire.booter.ForkedBooter.run(ForkedBooter.java:507)
	at org.apache.maven.surefire.booter.ForkedBooter.main(ForkedBooter.java:495)
Caused by: com.microsoft.playwright.TimeoutError: Error {
  message='Timeout 30000ms exceeded.
  name='TimeoutError
  stack='TimeoutError: Timeout 30000ms exceeded.
    at ProgressController.run (C:\Users\PAVAN~1.PAY\AppData\Local\Temp\playwright-java-17353293988752804009\package\lib\server\progress.js:78:26)
    at Frame.fill (C:\Users\PAVAN~1.PAY\AppData\Local\Temp\playwright-java-17353293988752804009\package\lib\server\frames.js:1046:23)
    at FrameDispatcher.fill (C:\Users\PAVAN~1.PAY\AppData\Local\Temp\playwright-java-17353293988752804009\package\lib\server\dispatchers\frameDispatcher.js:170:30)
    at FrameDispatcher._handleCommand (C:\Users\PAVAN~1.PAY\AppData\Local\Temp\playwright-java-17353293988752804009\package\lib\server\dispatchers\dispatcher.js:94:40)
    at DispatcherConnection.dispatch (C:\Users\PAVAN~1.PAY\AppData\Local\Temp\playwright-java-17353293988752804009\package\lib\server\dispatchers\dispatcher.js:361:39)
}
Call log:
- waiting for locator("//input[@type='tel']").first()

	at com.microsoft.playwright.impl.Connection.dispatch(Connection.java:254)
	at com.microsoft.playwright.impl.Connection.processOneMessage(Connection.java:211)
	at com.microsoft.playwright.impl.ChannelOwner.runUntil(ChannelOwner.java:118)
	... 44 more
]]></failure>
    <system-err><![CDATA[SLF4J: Failed to load class "org.slf4j.impl.StaticLoggerBinder".
SLF4J: Defaulting to no-operation (NOP) logger implementation
SLF4J: See http://www.slf4j.org/codes.html#StaticLoggerBinder for further details.
]]></system-err>
  </testcase>
  <testcase name="loginWithCustomerIdAndMPIN" classname="com.customerwebapp.tests.LoginTest" time="4.014">
    <failure message="Login failed using MPIN expected [true] but found [false]" type="java.lang.AssertionError"><![CDATA[java.lang.AssertionError: Login failed using MPIN expected [true] but found [false]
	at org.testng.Assert.fail(Assert.java:111)
	at org.testng.Assert.failNotEquals(Assert.java:1578)
	at org.testng.Assert.assertTrue(Assert.java:57)
	at com.customerwebapp.tests.LoginTest.loginWithCustomerIdAndMPIN(LoginTest.java:31)
	at java.base/jdk.internal.reflect.DirectMethodHandleAccessor.invoke(DirectMethodHandleAccessor.java:103)
	at java.base/java.lang.reflect.Method.invoke(Method.java:580)
	at org.testng.internal.invokers.MethodInvocationHelper.invokeMethod(MethodInvocationHelper.java:139)
	at org.testng.internal.invokers.TestInvoker.invokeMethod(TestInvoker.java:664)
	at org.testng.internal.invokers.TestInvoker.invokeTestMethod(TestInvoker.java:228)
	at org.testng.internal.invokers.MethodRunner.runInSequence(MethodRunner.java:63)
	at org.testng.internal.invokers.TestInvoker$MethodInvocationAgent.invoke(TestInvoker.java:961)
	at org.testng.internal.invokers.TestInvoker.invokeTestMethods(TestInvoker.java:201)
	at org.testng.internal.invokers.TestMethodWorker.invokeTestMethods(TestMethodWorker.java:148)
	at org.testng.internal.invokers.TestMethodWorker.run(TestMethodWorker.java:128)
	at java.base/java.util.ArrayList.forEach(ArrayList.java:1596)
	at org.testng.TestRunner.privateRun(TestRunner.java:819)
	at org.testng.TestRunner.run(TestRunner.java:619)
	at org.testng.SuiteRunner.runTest(SuiteRunner.java:443)
	at org.testng.SuiteRunner.runSequentially(SuiteRunner.java:437)
	at org.testng.SuiteRunner.privateRun(SuiteRunner.java:397)
	at org.testng.SuiteRunner.run(SuiteRunner.java:336)
	at org.testng.SuiteRunnerWorker.runSuite(SuiteRunnerWorker.java:52)
	at org.testng.SuiteRunnerWorker.run(SuiteRunnerWorker.java:95)
	at org.testng.TestNG.runSuitesSequentially(TestNG.java:1301)
	at org.testng.TestNG.runSuitesLocally(TestNG.java:1228)
	at org.testng.TestNG.runSuites(TestNG.java:1134)
	at org.testng.TestNG.run(TestNG.java:1101)
	at org.apache.maven.surefire.testng.TestNGExecutor.run(TestNGExecutor.java:155)
	at org.apache.maven.surefire.testng.TestNGDirectoryTestSuite.executeMulti(TestNGDirectoryTestSuite.java:169)
	at org.apache.maven.surefire.testng.TestNGDirectoryTestSuite.execute(TestNGDirectoryTestSuite.java:88)
	at org.apache.maven.surefire.testng.TestNGProvider.invoke(TestNGProvider.java:137)
	at org.apache.maven.surefire.booter.ForkedBooter.runSuitesInProcess(ForkedBooter.java:385)
	at org.apache.maven.surefire.booter.ForkedBooter.execute(ForkedBooter.java:162)
	at org.apache.maven.surefire.booter.ForkedBooter.run(ForkedBooter.java:507)
	at org.apache.maven.surefire.booter.ForkedBooter.main(ForkedBooter.java:495)
]]></failure>
  </testcase>
  <testcase name="invalidCustomerIdTest" classname="com.customerwebapp.tests.LoginTest" time="2.47"/>
  <testcase name="logoutTest" classname="com.customerwebapp.tests.LoginTest" time="31.824">
    <failure message="Error {&#10;  message=&apos;Timeout 30000ms exceeded.&#10;  name=&apos;TimeoutError&#10;  stack=&apos;TimeoutError: Timeout 30000ms exceeded.&#10;    at ProgressController.run (C:\Users\PAVAN~1.PAY\AppData\Local\Temp\playwright-java-17353293988752804009\package\lib\server\progress.js:78:26)&#10;    at Frame.fill (C:\Users\PAVAN~1.PAY\AppData\Local\Temp\playwright-java-17353293988752804009\package\lib\server\frames.js:1046:23)&#10;    at FrameDispatcher.fill (C:\Users\PAVAN~1.PAY\AppData\Local\Temp\playwright-java-17353293988752804009\package\lib\server\dispatchers\frameDispatcher.js:170:30)&#10;    at FrameDispatcher._handleCommand (C:\Users\PAVAN~1.PAY\AppData\Local\Temp\playwright-java-17353293988752804009\package\lib\server\dispatchers\dispatcher.js:94:40)&#10;    at DispatcherConnection.dispatch (C:\Users\PAVAN~1.PAY\AppData\Local\Temp\playwright-java-17353293988752804009\package\lib\server\dispatchers\dispatcher.js:361:39)&#10;}&#10;Call log:&#10;- waiting for locator(&quot;//input[@type=&apos;tel&apos;]&quot;).first()&#10;" type="com.microsoft.playwright.TimeoutError"><![CDATA[com.microsoft.playwright.TimeoutError: 
Error {
  message='Timeout 30000ms exceeded.
  name='TimeoutError
  stack='TimeoutError: Timeout 30000ms exceeded.
    at ProgressController.run (C:\Users\PAVAN~1.PAY\AppData\Local\Temp\playwright-java-17353293988752804009\package\lib\server\progress.js:78:26)
    at Frame.fill (C:\Users\PAVAN~1.PAY\AppData\Local\Temp\playwright-java-17353293988752804009\package\lib\server\frames.js:1046:23)
    at FrameDispatcher.fill (C:\Users\PAVAN~1.PAY\AppData\Local\Temp\playwright-java-17353293988752804009\package\lib\server\dispatchers\frameDispatcher.js:170:30)
    at FrameDispatcher._handleCommand (C:\Users\PAVAN~1.PAY\AppData\Local\Temp\playwright-java-17353293988752804009\package\lib\server\dispatchers\dispatcher.js:94:40)
    at DispatcherConnection.dispatch (C:\Users\PAVAN~1.PAY\AppData\Local\Temp\playwright-java-17353293988752804009\package\lib\server\dispatchers\dispatcher.js:361:39)
}
Call log:
- waiting for locator("//input[@type='tel']").first()

	at com.microsoft.playwright.impl.WaitableResult.get(WaitableResult.java:52)
	at com.microsoft.playwright.impl.ChannelOwner.runUntil(ChannelOwner.java:120)
	at com.microsoft.playwright.impl.Connection.sendMessage(Connection.java:130)
	at com.microsoft.playwright.impl.ChannelOwner.sendMessage(ChannelOwner.java:106)
	at com.microsoft.playwright.impl.FrameImpl.fillImpl(FrameImpl.java:335)
	at com.microsoft.playwright.impl.FrameImpl.lambda$fill$14(FrameImpl.java:325)
	at com.microsoft.playwright.impl.LoggingSupport.lambda$withLogging$0(LoggingSupport.java:36)
	at com.microsoft.playwright.impl.LoggingSupport.withLogging(LoggingSupport.java:47)
	at com.microsoft.playwright.impl.ChannelOwner.withLogging(ChannelOwner.java:89)
	at com.microsoft.playwright.impl.LoggingSupport.withLogging(LoggingSupport.java:35)
	at com.microsoft.playwright.impl.FrameImpl.fill(FrameImpl.java:325)
	at com.microsoft.playwright.impl.LocatorImpl.fill(LocatorImpl.java:235)
	at com.microsoft.playwright.Locator.fill(Locator.java:3046)
	at com.customerwebapp.pages.LoginPage.enterOTP(LoginPage.java:91)
	at com.customerwebapp.tests.LoginTest.logoutTest(LoginTest.java:54)
	at java.base/jdk.internal.reflect.DirectMethodHandleAccessor.invoke(DirectMethodHandleAccessor.java:103)
	at java.base/java.lang.reflect.Method.invoke(Method.java:580)
	at org.testng.internal.invokers.MethodInvocationHelper.invokeMethod(MethodInvocationHelper.java:139)
	at org.testng.internal.invokers.TestInvoker.invokeMethod(TestInvoker.java:664)
	at org.testng.internal.invokers.TestInvoker.invokeTestMethod(TestInvoker.java:228)
	at org.testng.internal.invokers.MethodRunner.runInSequence(MethodRunner.java:63)
	at org.testng.internal.invokers.TestInvoker$MethodInvocationAgent.invoke(TestInvoker.java:961)
	at org.testng.internal.invokers.TestInvoker.invokeTestMethods(TestInvoker.java:201)
	at org.testng.internal.invokers.TestMethodWorker.invokeTestMethods(TestMethodWorker.java:148)
	at org.testng.internal.invokers.TestMethodWorker.run(TestMethodWorker.java:128)
	at java.base/java.util.ArrayList.forEach(ArrayList.java:1596)
	at org.testng.TestRunner.privateRun(TestRunner.java:819)
	at org.testng.TestRunner.run(TestRunner.java:619)
	at org.testng.SuiteRunner.runTest(SuiteRunner.java:443)
	at org.testng.SuiteRunner.runSequentially(SuiteRunner.java:437)
	at org.testng.SuiteRunner.privateRun(SuiteRunner.java:397)
	at org.testng.SuiteRunner.run(SuiteRunner.java:336)
	at org.testng.SuiteRunnerWorker.runSuite(SuiteRunnerWorker.java:52)
	at org.testng.SuiteRunnerWorker.run(SuiteRunnerWorker.java:95)
	at org.testng.TestNG.runSuitesSequentially(TestNG.java:1301)
	at org.testng.TestNG.runSuitesLocally(TestNG.java:1228)
	at org.testng.TestNG.runSuites(TestNG.java:1134)
	at org.testng.TestNG.run(TestNG.java:1101)
	at org.apache.maven.surefire.testng.TestNGExecutor.run(TestNGExecutor.java:155)
	at org.apache.maven.surefire.testng.TestNGDirectoryTestSuite.executeMulti(TestNGDirectoryTestSuite.java:169)
	at org.apache.maven.surefire.testng.TestNGDirectoryTestSuite.execute(TestNGDirectoryTestSuite.java:88)
	at org.apache.maven.surefire.testng.TestNGProvider.invoke(TestNGProvider.java:137)
	at org.apache.maven.surefire.booter.ForkedBooter.runSuitesInProcess(ForkedBooter.java:385)
	at org.apache.maven.surefire.booter.ForkedBooter.execute(ForkedBooter.java:162)
	at org.apache.maven.surefire.booter.ForkedBooter.run(ForkedBooter.java:507)
	at org.apache.maven.surefire.booter.ForkedBooter.main(ForkedBooter.java:495)
Caused by: com.microsoft.playwright.TimeoutError: Error {
  message='Timeout 30000ms exceeded.
  name='TimeoutError
  stack='TimeoutError: Timeout 30000ms exceeded.
    at ProgressController.run (C:\Users\PAVAN~1.PAY\AppData\Local\Temp\playwright-java-17353293988752804009\package\lib\server\progress.js:78:26)
    at Frame.fill (C:\Users\PAVAN~1.PAY\AppData\Local\Temp\playwright-java-17353293988752804009\package\lib\server\frames.js:1046:23)
    at FrameDispatcher.fill (C:\Users\PAVAN~1.PAY\AppData\Local\Temp\playwright-java-17353293988752804009\package\lib\server\dispatchers\frameDispatcher.js:170:30)
    at FrameDispatcher._handleCommand (C:\Users\PAVAN~1.PAY\AppData\Local\Temp\playwright-java-17353293988752804009\package\lib\server\dispatchers\dispatcher.js:94:40)
    at DispatcherConnection.dispatch (C:\Users\PAVAN~1.PAY\AppData\Local\Temp\playwright-java-17353293988752804009\package\lib\server\dispatchers\dispatcher.js:361:39)
}
Call log:
- waiting for locator("//input[@type='tel']").first()

	at com.microsoft.playwright.impl.Connection.dispatch(Connection.java:254)
	at com.microsoft.playwright.impl.Connection.processOneMessage(Connection.java:211)
	at com.microsoft.playwright.impl.ChannelOwner.runUntil(ChannelOwner.java:118)
	... 44 more
]]></failure>
  </testcase>
</testsuite>