<?xml version="1.0" encoding="UTF-8"?>
<!-- Generated by org.testng.reporters.JUnitXMLReporter -->
<testsuite ignored="0" hostname="Windows-PF3RR5P7-PavanpaykeIT" failures="3" tests="4" name="Surefire test" time="83.833" errors="0" timestamp="2026-02-27T13:12:22 IST">
  <testcase classname="com.customerwebapp.tests.LoginTest" name="loginWithMobileAndOTP" time="32.204">
    <failure type="com.microsoft.playwright.TimeoutError" message="Error {
  message=&amp;apos;Timeout 30000ms exceeded.
  name=&amp;apos;TimeoutError
  stack=&amp;apos;TimeoutError: Timeout 30000ms exceeded.
    at ProgressController.run (C:\Users\PAVAN~1.PAY\AppData\Local\Temp\playwright-java-17353293988752804009\package\lib\server\progress.js:78:26)
    at Frame.fill (C:\Users\PAVAN~1.PAY\AppData\Local\Temp\playwright-java-17353293988752804009\package\lib\server\frames.js:1046:23)
    at FrameDispatcher.fill (C:\Users\PAVAN~1.PAY\AppData\Local\Temp\playwright-java-17353293988752804009\package\lib\server\dispatchers\frameDispatcher.js:170:30)
    at FrameDispatcher._handleCommand (C:\Users\PAVAN~1.PAY\AppData\Local\Temp\playwright-java-17353293988752804009\package\lib\server\dispatchers\dispatcher.js:94:40)
    at DispatcherConnection.dispatch (C:\Users\PAVAN~1.PAY\AppData\Local\Temp\playwright-java-17353293988752804009\package\lib\server\dispatchers\dispatcher.js:361:39)
}
Call log:
- waiting for locator(&amp;quot;//input[@type=&amp;apos;tel&amp;apos;]&amp;quot;).first()
">
      <![CDATA[com.microsoft.playwright.TimeoutError: Error {
  message='Timeout 30000ms exceeded.
  name='TimeoutError
  stack='TimeoutError: Timeout 30000ms exceeded.
    at ProgressController.run (C:\Users\PAVAN~1.PAY\AppData\Local\Temp\playwright-java-17353293988752804009\package\lib\server\progress.js:78:26)
    at Frame.fill (C:\Users\PAVAN~1.PAY\AppData\Local\Temp\playwright-java-17353293988752804009\package\lib\server\frames.js:1046:23)
    at FrameDispatcher.fill (C:\Users\PAVAN~1.PAY\AppData\Local\Temp\playwright-java-17353293988752804009\package\lib\server\dispatchers\frameDispatcher.js:170:30)
    at FrameDispatcher._handleCommand (C:\Users\PAVAN~1.PAY\AppData\Local\Temp\playwright-java-17353293988752804009\package\lib\server\dispatchers\dispatcher.js:94:40)
    at DispatcherConnection.dispatch (C:\Users\PAVAN~1.PAY\AppData\Local\Temp\playwright-java-17353293988752804009\package\lib\server\dispatchers\dispatcher.js:361:39)
}
Call log:
- waiting for locator("//input[@type='tel']").first()

at com.microsoft.playwright.impl.WaitableResult.get(WaitableResult.java:52)
at com.microsoft.playwright.impl.ChannelOwner.runUntil(ChannelOwner.java:120)
at com.microsoft.playwright.impl.Connection.sendMessage(Connection.java:130)
at com.microsoft.playwright.impl.ChannelOwner.sendMessage(ChannelOwner.java:106)
at com.microsoft.playwright.impl.FrameImpl.fillImpl(FrameImpl.java:335)
at com.microsoft.playwright.impl.FrameImpl.lambda$fill$14(FrameImpl.java:325)
at com.microsoft.playwright.impl.LoggingSupport.lambda$withLogging$0(LoggingSupport.java:36)
at com.microsoft.playwright.impl.LoggingSupport.withLogging(LoggingSupport.java:47)
at com.microsoft.playwright.impl.ChannelOwner.withLogging(ChannelOwner.java:89)
at com.microsoft.playwright.impl.LoggingSupport.withLogging(LoggingSupport.java:35)
at com.microsoft.playwright.impl.FrameImpl.fill(FrameImpl.java:325)
at com.microsoft.playwright.impl.LocatorImpl.fill(LocatorImpl.java:235)
at com.microsoft.playwright.Locator.fill(Locator.java:3046)
at com.customerwebapp.pages.LoginPage.enterOTP(LoginPage.java:91)
at com.customerwebapp.tests.LoginTest.loginWithMobileAndOTP(LoginTest.java:15)
at java.base/java.util.ArrayList.forEach(ArrayList.java:1596)
Caused by: com.microsoft.playwright.TimeoutError: Error {
  message='Timeout 30000ms exceeded.
  name='TimeoutError
  stack='TimeoutError: Timeout 30000ms exceeded.
    at ProgressController.run (C:\Users\PAVAN~1.PAY\AppData\Local\Temp\playwright-java-17353293988752804009\package\lib\server\progress.js:78:26)
    at Frame.fill (C:\Users\PAVAN~1.PAY\AppData\Local\Temp\playwright-java-17353293988752804009\package\lib\server\frames.js:1046:23)
    at FrameDispatcher.fill (C:\Users\PAVAN~1.PAY\AppData\Local\Temp\playwright-java-17353293988752804009\package\lib\server\dispatchers\frameDispatcher.js:170:30)
    at FrameDispatcher._handleCommand (C:\Users\PAVAN~1.PAY\AppData\Local\Temp\playwright-java-17353293988752804009\package\lib\server\dispatchers\dispatcher.js:94:40)
    at DispatcherConnection.dispatch (C:\Users\PAVAN~1.PAY\AppData\Local\Temp\playwright-java-17353293988752804009\package\lib\server\dispatchers\dispatcher.js:361:39)
}
Call log:
- waiting for locator("//input[@type='tel']").first()

at com.microsoft.playwright.impl.Connection.dispatch(Connection.java:254)
at com.microsoft.playwright.impl.Connection.processOneMessage(Connection.java:211)
at com.microsoft.playwright.impl.ChannelOwner.runUntil(ChannelOwner.java:118)
... 44 more
... Removed 30 stack frames]]>
    </failure>
  </testcase> <!-- loginWithMobileAndOTP -->
  <testcase classname="com.customerwebapp.tests.LoginTest" name="loginWithCustomerIdAndMPIN" time="4.012">
    <failure type="java.lang.AssertionError" message="Login failed using MPIN expected [true] but found [false]">
      <![CDATA[java.lang.AssertionError: Login failed using MPIN expected [true] but found [false]
at com.customerwebapp.tests.LoginTest.loginWithCustomerIdAndMPIN(LoginTest.java:31)
at java.base/java.util.ArrayList.forEach(ArrayList.java:1596)
... Removed 33 stack frames]]>
    </failure>
  </testcase> <!-- loginWithCustomerIdAndMPIN -->
  <testcase classname="com.customerwebapp.tests.LoginTest" name="invalidCustomerIdTest" time="2.471"/>
  <testcase classname="com.customerwebapp.tests.LoginTest" name="logoutTest" time="31.82">
    <failure type="com.microsoft.playwright.TimeoutError" message="Error {
  message=&amp;apos;Timeout 30000ms exceeded.
  name=&amp;apos;TimeoutError
  stack=&amp;apos;TimeoutError: Timeout 30000ms exceeded.
    at ProgressController.run (C:\Users\PAVAN~1.PAY\AppData\Local\Temp\playwright-java-17353293988752804009\package\lib\server\progress.js:78:26)
    at Frame.fill (C:\Users\PAVAN~1.PAY\AppData\Local\Temp\playwright-java-17353293988752804009\package\lib\server\frames.js:1046:23)
    at FrameDispatcher.fill (C:\Users\PAVAN~1.PAY\AppData\Local\Temp\playwright-java-17353293988752804009\package\lib\server\dispatchers\frameDispatcher.js:170:30)
    at FrameDispatcher._handleCommand (C:\Users\PAVAN~1.PAY\AppData\Local\Temp\playwright-java-17353293988752804009\package\lib\server\dispatchers\dispatcher.js:94:40)
    at DispatcherConnection.dispatch (C:\Users\PAVAN~1.PAY\AppData\Local\Temp\playwright-java-17353293988752804009\package\lib\server\dispatchers\dispatcher.js:361:39)
}
Call log:
- waiting for locator(&amp;quot;//input[@type=&amp;apos;tel&amp;apos;]&amp;quot;).first()
">
      <![CDATA[com.microsoft.playwright.TimeoutError: Error {
  message='Timeout 30000ms exceeded.
  name='TimeoutError
  stack='TimeoutError: Timeout 30000ms exceeded.
    at ProgressController.run (C:\Users\PAVAN~1.PAY\AppData\Local\Temp\playwright-java-17353293988752804009\package\lib\server\progress.js:78:26)
    at Frame.fill (C:\Users\PAVAN~1.PAY\AppData\Local\Temp\playwright-java-17353293988752804009\package\lib\server\frames.js:1046:23)
    at FrameDispatcher.fill (C:\Users\PAVAN~1.PAY\AppData\Local\Temp\playwright-java-17353293988752804009\package\lib\server\dispatchers\frameDispatcher.js:170:30)
    at FrameDispatcher._handleCommand (C:\Users\PAVAN~1.PAY\AppData\Local\Temp\playwright-java-17353293988752804009\package\lib\server\dispatchers\dispatcher.js:94:40)
    at DispatcherConnection.dispatch (C:\Users\PAVAN~1.PAY\AppData\Local\Temp\playwright-java-17353293988752804009\package\lib\server\dispatchers\dispatcher.js:361:39)
}
Call log:
- waiting for locator("//input[@type='tel']").first()

at com.microsoft.playwright.impl.WaitableResult.get(WaitableResult.java:52)
at com.microsoft.playwright.impl.ChannelOwner.runUntil(ChannelOwner.java:120)
at com.microsoft.playwright.impl.Connection.sendMessage(Connection.java:130)
at com.microsoft.playwright.impl.ChannelOwner.sendMessage(ChannelOwner.java:106)
at com.microsoft.playwright.impl.FrameImpl.fillImpl(FrameImpl.java:335)
at com.microsoft.playwright.impl.FrameImpl.lambda$fill$14(FrameImpl.java:325)
at com.microsoft.playwright.impl.LoggingSupport.lambda$withLogging$0(LoggingSupport.java:36)
at com.microsoft.playwright.impl.LoggingSupport.withLogging(LoggingSupport.java:47)
at com.microsoft.playwright.impl.ChannelOwner.withLogging(ChannelOwner.java:89)
at com.microsoft.playwright.impl.LoggingSupport.withLogging(LoggingSupport.java:35)
at com.microsoft.playwright.impl.FrameImpl.fill(FrameImpl.java:325)
at com.microsoft.playwright.impl.LocatorImpl.fill(LocatorImpl.java:235)
at com.microsoft.playwright.Locator.fill(Locator.java:3046)
at com.customerwebapp.pages.LoginPage.enterOTP(LoginPage.java:91)
at com.customerwebapp.tests.LoginTest.logoutTest(LoginTest.java:54)
at java.base/java.util.ArrayList.forEach(ArrayList.java:1596)
Caused by: com.microsoft.playwright.TimeoutError: Error {
  message='Timeout 30000ms exceeded.
  name='TimeoutError
  stack='TimeoutError: Timeout 30000ms exceeded.
    at ProgressController.run (C:\Users\PAVAN~1.PAY\AppData\Local\Temp\playwright-java-17353293988752804009\package\lib\server\progress.js:78:26)
    at Frame.fill (C:\Users\PAVAN~1.PAY\AppData\Local\Temp\playwright-java-17353293988752804009\package\lib\server\frames.js:1046:23)
    at FrameDispatcher.fill (C:\Users\PAVAN~1.PAY\AppData\Local\Temp\playwright-java-17353293988752804009\package\lib\server\dispatchers\frameDispatcher.js:170:30)
    at FrameDispatcher._handleCommand (C:\Users\PAVAN~1.PAY\AppData\Local\Temp\playwright-java-17353293988752804009\package\lib\server\dispatchers\dispatcher.js:94:40)
    at DispatcherConnection.dispatch (C:\Users\PAVAN~1.PAY\AppData\Local\Temp\playwright-java-17353293988752804009\package\lib\server\dispatchers\dispatcher.js:361:39)
}
Call log:
- waiting for locator("//input[@type='tel']").first()

at com.microsoft.playwright.impl.Connection.dispatch(Connection.java:254)
at com.microsoft.playwright.impl.Connection.processOneMessage(Connection.java:211)
at com.microsoft.playwright.impl.ChannelOwner.runUntil(ChannelOwner.java:118)
... 44 more
... Removed 30 stack frames]]>
    </failure>
  </testcase> <!-- logoutTest -->
</testsuite> <!-- Surefire test -->
